{"businessRule":"5","jurisdiction":"AL","level":"info","message":"Business Rule Triggered","timestamp":"2024-09-25 09:29:14"}
{"businessRule":"1","jurisdiction":"AR","level":"info","message":"Business Rule Triggered","timestamp":"2024-09-25 09:30:08"}
{"businessRule":"5","jurisdiction":"AZ","level":"info","message":"Business Rule Triggered","timestamp":"2024-09-25 09:30:35"}
{"businessRule":"5","jurisdiction":"AL","level":"info","message":"Business Rule Triggered","timestamp":"2024-09-25 09:31:10"}
{"businessRule":"5","jurisdiction":"AL","level":"info","message":"Business Rule Triggered","timestamp":"2024-09-25 09:32:56"}
{"businessRule":"1","jurisdiction":"AR","level":"info","message":"Business Rule Triggered","timestamp":"2024-09-25 09:33:10"}
{"businessRule":"5","jurisdiction":"AL","level":"info","message":"Business Rule Triggered","timestamp":"2024-09-25 09:33:51"}
{"businessRule":"1","jurisdiction":"AR","level":"info","message":"Business Rule Triggered","timestamp":"2024-09-25 09:34:09"}
{"businessRule":"5","jurisdiction":"AL","level":"info","message":"Business Rule Triggered","timestamp":"2024-09-25 10:11:49"}
{"businessRule":"1","jurisdiction":"AR","level":"info","message":"Business Rule Triggered","timestamp":"2024-09-25 10:12:22"}
{"businessRule":"5","jurisdiction":"AZ","level":"info","message":"Business Rule Triggered","timestamp":"2024-09-25 10:12:47"}
{"businessRule":"5","jurisdiction":"CO","level":"info","message":"Business Rule Triggered","timestamp":"2024-09-25 10:13:13"}
{"businessRule":"5","jurisdiction":"CT","level":"info","message":"Business Rule Triggered","timestamp":"2024-09-25 10:13:41"}
{"businessRule":"5","jurisdiction":"DC","level":"info","message":"Business Rule Triggered","timestamp":"2024-09-25 10:14:09"}
{"businessRule":"5","jurisdiction":"DE","level":"info","message":"Business Rule Triggered","timestamp":"2024-09-25 10:14:34"}
{"businessRule":"2","jurisdiction":"FL","level":"info","message":"Business Rule Triggered","timestamp":"2024-09-25 10:14:59"}
{"businessRule":"5","jurisdiction":"GA","level":"info","message":"Business Rule Triggered","timestamp":"2024-09-25 10:15:25"}
{"businessRule":"5","jurisdiction":"IA","level":"info","message":"Business Rule Triggered","timestamp":"2024-09-25 10:15:52"}
{"businessRule":"5","jurisdiction":"ID","level":"info","message":"Business Rule Triggered","timestamp":"2024-09-25 10:16:17"}
{"businessRule":"5","jurisdiction":"IL","level":"info","message":"Business Rule Triggered","timestamp":"2024-09-25 10:16:42"}
{"businessRule":"5","jurisdiction":"IN","level":"info","message":"Business Rule Triggered","timestamp":"2024-09-25 10:17:06"}
{"businessRule":"5","jurisdiction":"KS","level":"info","message":"Business Rule Triggered","timestamp":"2024-09-25 10:17:32"}
{"businessRule":"5","jurisdiction":"KY","level":"info","message":"Business Rule Triggered","timestamp":"2024-09-25 10:17:56"}
{"businessRule":"5","jurisdiction":"LA","level":"info","message":"Business Rule Triggered","timestamp":"2024-09-25 10:18:22"}
{"businessRule":"5","jurisdiction":"MD","level":"info","message":"Business Rule Triggered","timestamp":"2024-09-25 10:18:48"}
{"businessRule":"5","jurisdiction":"ME","level":"info","message":"Business Rule Triggered","timestamp":"2024-09-25 10:19:13"}
{"businessRule":"5","jurisdiction":"MN","level":"info","message":"Business Rule Triggered","timestamp":"2024-09-25 10:19:38"}
{"businessRule":"5","jurisdiction":"MO","level":"info","message":"Business Rule Triggered","timestamp":"2024-09-25 10:20:05"}
{"businessRule":"5","jurisdiction":"MS","level":"info","message":"Business Rule Triggered","timestamp":"2024-09-25 10:20:30"}
{"businessRule":"5","jurisdiction":"NC","level":"info","message":"Business Rule Triggered","timestamp":"2024-09-25 10:20:56"}
{"businessRule":"5","jurisdiction":"NE","level":"info","message":"Business Rule Triggered","timestamp":"2024-09-25 10:21:20"}
{"businessRule":"5","jurisdiction":"NH","level":"info","message":"Business Rule Triggered","timestamp":"2024-09-25 10:21:45"}
{"businessRule":"5","jurisdiction":"NJ","level":"info","message":"Business Rule Triggered","timestamp":"2024-09-25 10:22:08"}
{"businessRule":"5","jurisdiction":"NM","level":"info","message":"Business Rule Triggered","timestamp":"2024-09-25 10:22:35"}
{"businessRule":"5","jurisdiction":"NV","level":"info","message":"Business Rule Triggered","timestamp":"2024-09-25 10:23:00"}
{"businessRule":"5","jurisdiction":"NY","level":"info","message":"Business Rule Triggered","timestamp":"2024-09-25 10:23:26"}
{"businessRule":"5","jurisdiction":"OH","level":"info","message":"Business Rule Triggered","timestamp":"2024-09-25 10:23:54"}
{"businessRule":"5","jurisdiction":"OK","level":"info","message":"Business Rule Triggered","timestamp":"2024-09-25 10:24:21"}
{"businessRule":"5","jurisdiction":"OR","level":"info","message":"Business Rule Triggered","timestamp":"2024-09-25 10:24:47"}
{"businessRule":"5","jurisdiction":"PA","level":"info","message":"Business Rule Triggered","timestamp":"2024-09-25 10:25:13"}
{"businessRule":"5","jurisdiction":"RI","level":"info","message":"Business Rule Triggered","timestamp":"2024-09-25 10:25:42"}
{"businessRule":"5","jurisdiction":"SC","level":"info","message":"Business Rule Triggered","timestamp":"2024-09-25 10:26:06"}
{"businessRule":"5","jurisdiction":"TN","level":"info","message":"Business Rule Triggered","timestamp":"2024-09-25 10:26:31"}
{"businessRule":"5","jurisdiction":"TX","level":"info","message":"Business Rule Triggered","timestamp":"2024-09-25 10:26:56"}
{"businessRule":"5","jurisdiction":"UT","level":"info","message":"Business Rule Triggered","timestamp":"2024-09-25 10:27:26"}
{"businessRule":"3","jurisdiction":"VA","level":"info","message":"Business Rule Triggered","timestamp":"2024-09-25 10:27:51"}
{"businessRule":"5","jurisdiction":"VT","level":"info","message":"Business Rule Triggered","timestamp":"2024-09-25 10:28:19"}
{"businessRule":"4","jurisdiction":"WA","level":"info","message":"Business Rule Triggered","timestamp":"2024-09-25 10:28:45"}
{"businessRule":"5","jurisdiction":"WI","level":"info","message":"Business Rule Triggered","timestamp":"2024-09-25 10:29:13"}
{"businessRule":"5","jurisdiction":"WV","level":"info","message":"Business Rule Triggered","timestamp":"2024-09-25 10:29:39"}
{"businessRule":"4","jurisdiction":"WA","level":"info","message":"Business Rule Triggered","timestamp":"2024-09-25 10:42:46"}
{"businessRule":"4","jurisdiction":"WA","level":"info","message":"Business Rule Triggered","timestamp":"2024-09-25 10:46:59"}
{"businessRule":"5","jurisdiction":"TX","level":"info","message":"Business Rule Triggered","timestamp":"2024-09-25 10:52:11"}
{"businessRule":"5","jurisdiction":"TX","level":"info","message":"Business Rule Triggered","timestamp":"2024-09-25 10:57:54"}
{"businessRule":"5","jurisdiction":"PA","level":"info","message":"Business Rule Triggered","timestamp":"2024-09-25 11:04:50"}
{"businessRule":"5","jurisdiction":"AL","level":"info","message":"Business Rule Triggered","timestamp":"2024-09-26 10:03:47"}
{"businessRule":"5","jurisdiction":"AL","level":"info","message":"Business Rule Triggered","timestamp":"2024-09-26 10:04:47"}
{"businessRule":"1","jurisdiction":"AR","level":"info","message":"Business Rule Triggered","timestamp":"2024-09-26 10:04:59"}
{"businessRule":"5","jurisdiction":"AZ","level":"info","message":"Business Rule Triggered","timestamp":"2024-09-26 10:05:10"}
{"businessRule":"5","jurisdiction":"CO","level":"info","message":"Business Rule Triggered","timestamp":"2024-09-26 10:05:21"}
{"businessRule":"5","jurisdiction":"AL","level":"info","message":"Business Rule Triggered","timestamp":"2024-09-26 10:05:41"}
{"businessRule":"1","jurisdiction":"AR","level":"info","message":"Business Rule Triggered","timestamp":"2024-09-26 10:06:21"}
{"businessRule":"5","jurisdiction":"AZ","level":"info","message":"Business Rule Triggered","timestamp":"2024-09-26 10:06:45"}
{"businessRule":"5","jurisdiction":"CO","level":"info","message":"Business Rule Triggered","timestamp":"2024-09-26 10:07:11"}
{"businessRule":"5","jurisdiction":"CT","level":"info","message":"Business Rule Triggered","timestamp":"2024-09-26 10:07:37"}
{"businessRule":"5","jurisdiction":"DC","level":"info","message":"Business Rule Triggered","timestamp":"2024-09-26 10:08:11"}
{"businessRule":"5","jurisdiction":"DE","level":"info","message":"Business Rule Triggered","timestamp":"2024-09-26 10:09:01"}
{"businessRule":"2","jurisdiction":"FL","level":"info","message":"Business Rule Triggered","timestamp":"2024-09-26 10:09:33"}
{"businessRule":"5","jurisdiction":"GA","level":"info","message":"Business Rule Triggered","timestamp":"2024-09-26 10:09:58"}
{"businessRule":"5","jurisdiction":"IA","level":"info","message":"Business Rule Triggered","timestamp":"2024-09-26 10:10:25"}
{"businessRule":"5","jurisdiction":"ID","level":"info","message":"Business Rule Triggered","timestamp":"2024-09-26 10:10:50"}
{"businessRule":"5","jurisdiction":"IL","level":"info","message":"Business Rule Triggered","timestamp":"2024-09-26 10:11:15"}
{"businessRule":"5","jurisdiction":"IN","level":"info","message":"Business Rule Triggered","timestamp":"2024-09-26 10:11:40"}
{"businessRule":"5","jurisdiction":"KS","level":"info","message":"Business Rule Triggered","timestamp":"2024-09-26 10:12:05"}
{"businessRule":"5","jurisdiction":"KY","level":"info","message":"Business Rule Triggered","timestamp":"2024-09-26 10:12:31"}
{"businessRule":"5","jurisdiction":"LA","level":"info","message":"Business Rule Triggered","timestamp":"2024-09-26 10:12:56"}
{"businessRule":"5","jurisdiction":"MD","level":"info","message":"Business Rule Triggered","timestamp":"2024-09-26 10:13:22"}
{"businessRule":"5","jurisdiction":"ME","level":"info","message":"Business Rule Triggered","timestamp":"2024-09-26 10:13:47"}
{"businessRule":"5","jurisdiction":"MN","level":"info","message":"Business Rule Triggered","timestamp":"2024-09-26 10:14:11"}
{"businessRule":"5","jurisdiction":"MO","level":"info","message":"Business Rule Triggered","timestamp":"2024-09-26 10:14:36"}
{"businessRule":"5","jurisdiction":"MS","level":"info","message":"Business Rule Triggered","timestamp":"2024-09-26 10:15:01"}
{"businessRule":"5","jurisdiction":"NC","level":"info","message":"Business Rule Triggered","timestamp":"2024-09-26 10:15:27"}
{"businessRule":"5","jurisdiction":"NE","level":"info","message":"Business Rule Triggered","timestamp":"2024-09-26 10:15:52"}
{"businessRule":"5","jurisdiction":"NH","level":"info","message":"Business Rule Triggered","timestamp":"2024-09-26 10:16:17"}
{"businessRule":"5","jurisdiction":"NJ","level":"info","message":"Business Rule Triggered","timestamp":"2024-09-26 10:16:43"}
{"businessRule":"5","jurisdiction":"NM","level":"info","message":"Business Rule Triggered","timestamp":"2024-09-26 10:17:08"}
{"businessRule":"5","jurisdiction":"NV","level":"info","message":"Business Rule Triggered","timestamp":"2024-09-26 10:17:36"}
{"businessRule":"5","jurisdiction":"NY","level":"info","message":"Business Rule Triggered","timestamp":"2024-09-26 10:18:00"}
{"businessRule":"5","jurisdiction":"OH","level":"info","message":"Business Rule Triggered","timestamp":"2024-09-26 10:18:25"}
{"businessRule":"5","jurisdiction":"OK","level":"info","message":"Business Rule Triggered","timestamp":"2024-09-26 10:18:50"}
{"businessRule":"5","jurisdiction":"OR","level":"info","message":"Business Rule Triggered","timestamp":"2024-09-26 10:19:15"}
{"businessRule":"5","jurisdiction":"PA","level":"info","message":"Business Rule Triggered","timestamp":"2024-09-26 10:19:40"}
{"businessRule":"5","jurisdiction":"RI","level":"info","message":"Business Rule Triggered","timestamp":"2024-09-26 10:20:06"}
{"businessRule":"5","jurisdiction":"SC","level":"info","message":"Business Rule Triggered","timestamp":"2024-09-26 10:20:32"}
{"businessRule":"5","jurisdiction":"TN","level":"info","message":"Business Rule Triggered","timestamp":"2024-09-26 10:20:56"}
{"businessRule":"5","jurisdiction":"TX","level":"info","message":"Business Rule Triggered","timestamp":"2024-09-26 10:21:21"}
{"businessRule":"5","jurisdiction":"UT","level":"info","message":"Business Rule Triggered","timestamp":"2024-09-26 10:21:46"}
{"businessRule":"3","jurisdiction":"VA","level":"info","message":"Business Rule Triggered","timestamp":"2024-09-26 10:22:11"}
{"businessRule":"5","jurisdiction":"VT","level":"info","message":"Business Rule Triggered","timestamp":"2024-09-26 10:22:37"}
{"businessRule":"4","jurisdiction":"WA","level":"info","message":"Business Rule Triggered","timestamp":"2024-09-26 10:23:04"}
{"businessRule":"5","jurisdiction":"WI","level":"info","message":"Business Rule Triggered","timestamp":"2024-09-26 10:23:28"}
{"businessRule":"5","jurisdiction":"WV","level":"info","message":"Business Rule Triggered","timestamp":"2024-09-26 10:23:55"}
{"businessRule":"5","jurisdiction":"AL","level":"info","message":"Business Rule Triggered","timestamp":"2024-09-26 11:01:52"}
{"businessRule":"7","jurisdiction":"AL","level":"info","message":"Business Rule Triggered","timestamp":"2024-09-26 11:01:54"}
{"businessRule":"8","jurisdiction":"AL","level":"info","message":"Business Rule Triggered","timestamp":"2024-09-26 11:01:54"}
{"businessRule":"9","jurisdiction":"AL","level":"info","message":"Business Rule Triggered","timestamp":"2024-09-26 11:01:54"}
{"businessRule":"1","jurisdiction":"AR","level":"info","message":"Business Rule Triggered","timestamp":"2024-09-26 11:02:35"}
{"businessRule":"7","jurisdiction":"AR","level":"info","message":"Business Rule Triggered","timestamp":"2024-09-26 11:02:36"}
{"businessRule":"8","jurisdiction":"AR","level":"info","message":"Business Rule Triggered","timestamp":"2024-09-26 11:02:36"}
{"businessRule":"9","jurisdiction":"AR","level":"info","message":"Business Rule Triggered","timestamp":"2024-09-26 11:02:36"}
{"businessRule":"5","jurisdiction":"AZ","level":"info","message":"Business Rule Triggered","timestamp":"2024-09-26 11:02:55"}
{"businessRule":"7","jurisdiction":"AZ","level":"info","message":"Business Rule Triggered","timestamp":"2024-09-26 11:02:56"}
{"businessRule":"8","jurisdiction":"AZ","level":"info","message":"Business Rule Triggered","timestamp":"2024-09-26 11:02:56"}
{"businessRule":"9","jurisdiction":"AZ","level":"info","message":"Business Rule Triggered","timestamp":"2024-09-26 11:02:56"}
{"businessRule":"5","jurisdiction":"CO","level":"info","message":"Business Rule Triggered","timestamp":"2024-09-26 11:03:15"}
{"businessRule":"7","jurisdiction":"CO","level":"info","message":"Business Rule Triggered","timestamp":"2024-09-26 11:03:16"}
{"businessRule":"8","jurisdiction":"CO","level":"info","message":"Business Rule Triggered","timestamp":"2024-09-26 11:03:16"}
{"businessRule":"9","jurisdiction":"CO","level":"info","message":"Business Rule Triggered","timestamp":"2024-09-26 11:03:16"}
{"businessRule":"5","jurisdiction":"CT","level":"info","message":"Business Rule Triggered","timestamp":"2024-09-26 11:03:36"}
{"businessRule":"7","jurisdiction":"CT","level":"info","message":"Business Rule Triggered","timestamp":"2024-09-26 11:03:37"}
{"businessRule":"8","jurisdiction":"CT","level":"info","message":"Business Rule Triggered","timestamp":"2024-09-26 11:03:37"}
{"businessRule":"9","jurisdiction":"CT","level":"info","message":"Business Rule Triggered","timestamp":"2024-09-26 11:03:37"}
{"businessRule":"5","jurisdiction":"DC","level":"info","message":"Business Rule Triggered","timestamp":"2024-09-26 11:03:58"}
{"businessRule":"7","jurisdiction":"DC","level":"info","message":"Business Rule Triggered","timestamp":"2024-09-26 11:03:59"}
{"businessRule":"8","jurisdiction":"DC","level":"info","message":"Business Rule Triggered","timestamp":"2024-09-26 11:03:59"}
{"businessRule":"9","jurisdiction":"DC","level":"info","message":"Business Rule Triggered","timestamp":"2024-09-26 11:03:59"}
{"businessRule":"5","jurisdiction":"DE","level":"info","message":"Business Rule Triggered","timestamp":"2024-09-26 11:04:19"}
{"businessRule":"7","jurisdiction":"DE","level":"info","message":"Business Rule Triggered","timestamp":"2024-09-26 11:04:20"}
{"businessRule":"8","jurisdiction":"DE","level":"info","message":"Business Rule Triggered","timestamp":"2024-09-26 11:04:20"}
{"businessRule":"9","jurisdiction":"DE","level":"info","message":"Business Rule Triggered","timestamp":"2024-09-26 11:04:20"}
{"businessRule":"2","jurisdiction":"FL","level":"info","message":"Business Rule Triggered","timestamp":"2024-09-26 11:04:40"}
{"businessRule":"7","jurisdiction":"FL","level":"info","message":"Business Rule Triggered","timestamp":"2024-09-26 11:04:41"}
{"businessRule":"8","jurisdiction":"FL","level":"info","message":"Business Rule Triggered","timestamp":"2024-09-26 11:04:41"}
{"businessRule":"9","jurisdiction":"FL","level":"info","message":"Business Rule Triggered","timestamp":"2024-09-26 11:04:41"}
{"businessRule":"5","jurisdiction":"GA","level":"info","message":"Business Rule Triggered","timestamp":"2024-09-26 11:05:01"}
{"businessRule":"7","jurisdiction":"GA","level":"info","message":"Business Rule Triggered","timestamp":"2024-09-26 11:05:02"}
{"businessRule":"8","jurisdiction":"GA","level":"info","message":"Business Rule Triggered","timestamp":"2024-09-26 11:05:02"}
{"businessRule":"9","jurisdiction":"GA","level":"info","message":"Business Rule Triggered","timestamp":"2024-09-26 11:05:02"}
{"businessRule":"5","jurisdiction":"IA","level":"info","message":"Business Rule Triggered","timestamp":"2024-09-26 11:05:21"}
{"businessRule":"7","jurisdiction":"IA","level":"info","message":"Business Rule Triggered","timestamp":"2024-09-26 11:05:22"}
{"businessRule":"8","jurisdiction":"IA","level":"info","message":"Business Rule Triggered","timestamp":"2024-09-26 11:05:22"}
{"businessRule":"9","jurisdiction":"IA","level":"info","message":"Business Rule Triggered","timestamp":"2024-09-26 11:05:22"}
{"businessRule":"5","jurisdiction":"ID","level":"info","message":"Business Rule Triggered","timestamp":"2024-09-26 11:05:40"}
{"businessRule":"7","jurisdiction":"ID","level":"info","message":"Business Rule Triggered","timestamp":"2024-09-26 11:05:41"}
{"businessRule":"8","jurisdiction":"ID","level":"info","message":"Business Rule Triggered","timestamp":"2024-09-26 11:05:41"}
{"businessRule":"9","jurisdiction":"ID","level":"info","message":"Business Rule Triggered","timestamp":"2024-09-26 11:05:41"}
{"businessRule":"5","jurisdiction":"IL","level":"info","message":"Business Rule Triggered","timestamp":"2024-09-26 11:06:00"}
{"businessRule":"7","jurisdiction":"IL","level":"info","message":"Business Rule Triggered","timestamp":"2024-09-26 11:06:01"}
{"businessRule":"8","jurisdiction":"IL","level":"info","message":"Business Rule Triggered","timestamp":"2024-09-26 11:06:01"}
{"businessRule":"9","jurisdiction":"IL","level":"info","message":"Business Rule Triggered","timestamp":"2024-09-26 11:06:01"}
{"businessRule":"5","jurisdiction":"IN","level":"info","message":"Business Rule Triggered","timestamp":"2024-09-26 11:06:20"}
{"businessRule":"7","jurisdiction":"IN","level":"info","message":"Business Rule Triggered","timestamp":"2024-09-26 11:06:21"}
{"businessRule":"8","jurisdiction":"IN","level":"info","message":"Business Rule Triggered","timestamp":"2024-09-26 11:06:21"}
{"businessRule":"9","jurisdiction":"IN","level":"info","message":"Business Rule Triggered","timestamp":"2024-09-26 11:06:21"}
{"businessRule":"5","jurisdiction":"KS","level":"info","message":"Business Rule Triggered","timestamp":"2024-09-26 11:06:48"}
{"businessRule":"7","jurisdiction":"KS","level":"info","message":"Business Rule Triggered","timestamp":"2024-09-26 11:06:49"}
{"businessRule":"8","jurisdiction":"KS","level":"info","message":"Business Rule Triggered","timestamp":"2024-09-26 11:06:49"}
{"businessRule":"9","jurisdiction":"KS","level":"info","message":"Business Rule Triggered","timestamp":"2024-09-26 11:06:49"}
{"businessRule":"5","jurisdiction":"KY","level":"info","message":"Business Rule Triggered","timestamp":"2024-09-26 11:07:08"}
{"businessRule":"7","jurisdiction":"KY","level":"info","message":"Business Rule Triggered","timestamp":"2024-09-26 11:07:09"}
{"businessRule":"8","jurisdiction":"KY","level":"info","message":"Business Rule Triggered","timestamp":"2024-09-26 11:07:09"}
{"businessRule":"9","jurisdiction":"KY","level":"info","message":"Business Rule Triggered","timestamp":"2024-09-26 11:07:09"}
{"businessRule":"5","jurisdiction":"LA","level":"info","message":"Business Rule Triggered","timestamp":"2024-09-26 11:07:36"}
{"businessRule":"7","jurisdiction":"LA","level":"info","message":"Business Rule Triggered","timestamp":"2024-09-26 11:07:37"}
{"businessRule":"8","jurisdiction":"LA","level":"info","message":"Business Rule Triggered","timestamp":"2024-09-26 11:07:37"}
{"businessRule":"9","jurisdiction":"LA","level":"info","message":"Business Rule Triggered","timestamp":"2024-09-26 11:07:37"}
{"businessRule":"5","jurisdiction":"MD","level":"info","message":"Business Rule Triggered","timestamp":"2024-09-26 11:07:58"}
{"businessRule":"7","jurisdiction":"MD","level":"info","message":"Business Rule Triggered","timestamp":"2024-09-26 11:07:59"}
{"businessRule":"8","jurisdiction":"MD","level":"info","message":"Business Rule Triggered","timestamp":"2024-09-26 11:07:59"}
{"businessRule":"9","jurisdiction":"MD","level":"info","message":"Business Rule Triggered","timestamp":"2024-09-26 11:07:59"}
{"businessRule":"5","jurisdiction":"ME","level":"info","message":"Business Rule Triggered","timestamp":"2024-09-26 11:08:26"}
{"businessRule":"7","jurisdiction":"ME","level":"info","message":"Business Rule Triggered","timestamp":"2024-09-26 11:08:27"}
{"businessRule":"8","jurisdiction":"ME","level":"info","message":"Business Rule Triggered","timestamp":"2024-09-26 11:08:27"}
{"businessRule":"9","jurisdiction":"ME","level":"info","message":"Business Rule Triggered","timestamp":"2024-09-26 11:08:27"}
{"businessRule":"5","jurisdiction":"MN","level":"info","message":"Business Rule Triggered","timestamp":"2024-09-26 11:08:46"}
{"businessRule":"7","jurisdiction":"MN","level":"info","message":"Business Rule Triggered","timestamp":"2024-09-26 11:08:48"}
{"businessRule":"8","jurisdiction":"MN","level":"info","message":"Business Rule Triggered","timestamp":"2024-09-26 11:08:48"}
{"businessRule":"9","jurisdiction":"MN","level":"info","message":"Business Rule Triggered","timestamp":"2024-09-26 11:08:48"}
{"businessRule":"5","jurisdiction":"MO","level":"info","message":"Business Rule Triggered","timestamp":"2024-09-26 11:09:08"}
{"businessRule":"7","jurisdiction":"MO","level":"info","message":"Business Rule Triggered","timestamp":"2024-09-26 11:09:09"}
{"businessRule":"8","jurisdiction":"MO","level":"info","message":"Business Rule Triggered","timestamp":"2024-09-26 11:09:09"}
{"businessRule":"9","jurisdiction":"MO","level":"info","message":"Business Rule Triggered","timestamp":"2024-09-26 11:09:09"}
{"businessRule":"5","jurisdiction":"MS","level":"info","message":"Business Rule Triggered","timestamp":"2024-09-26 11:09:29"}
{"businessRule":"7","jurisdiction":"MS","level":"info","message":"Business Rule Triggered","timestamp":"2024-09-26 11:09:30"}
{"businessRule":"8","jurisdiction":"MS","level":"info","message":"Business Rule Triggered","timestamp":"2024-09-26 11:09:30"}
{"businessRule":"9","jurisdiction":"MS","level":"info","message":"Business Rule Triggered","timestamp":"2024-09-26 11:09:30"}
{"businessRule":"5","jurisdiction":"NC","level":"info","message":"Business Rule Triggered","timestamp":"2024-09-26 11:09:52"}
{"businessRule":"7","jurisdiction":"NC","level":"info","message":"Business Rule Triggered","timestamp":"2024-09-26 11:09:53"}
{"businessRule":"8","jurisdiction":"NC","level":"info","message":"Business Rule Triggered","timestamp":"2024-09-26 11:09:53"}
{"businessRule":"9","jurisdiction":"NC","level":"info","message":"Business Rule Triggered","timestamp":"2024-09-26 11:09:53"}
{"businessRule":"5","jurisdiction":"NE","level":"info","message":"Business Rule Triggered","timestamp":"2024-09-26 11:10:10"}
{"businessRule":"7","jurisdiction":"NE","level":"info","message":"Business Rule Triggered","timestamp":"2024-09-26 11:10:12"}
{"businessRule":"8","jurisdiction":"NE","level":"info","message":"Business Rule Triggered","timestamp":"2024-09-26 11:10:12"}
{"businessRule":"9","jurisdiction":"NE","level":"info","message":"Business Rule Triggered","timestamp":"2024-09-26 11:10:12"}
{"businessRule":"5","jurisdiction":"NH","level":"info","message":"Business Rule Triggered","timestamp":"2024-09-26 11:10:31"}
{"businessRule":"7","jurisdiction":"NH","level":"info","message":"Business Rule Triggered","timestamp":"2024-09-26 11:10:32"}
{"businessRule":"8","jurisdiction":"NH","level":"info","message":"Business Rule Triggered","timestamp":"2024-09-26 11:10:32"}
{"businessRule":"9","jurisdiction":"NH","level":"info","message":"Business Rule Triggered","timestamp":"2024-09-26 11:10:32"}
{"businessRule":"5","jurisdiction":"NJ","level":"info","message":"Business Rule Triggered","timestamp":"2024-09-26 11:10:59"}
{"businessRule":"7","jurisdiction":"NJ","level":"info","message":"Business Rule Triggered","timestamp":"2024-09-26 11:11:00"}
{"businessRule":"8","jurisdiction":"NJ","level":"info","message":"Business Rule Triggered","timestamp":"2024-09-26 11:11:00"}
{"businessRule":"9","jurisdiction":"NJ","level":"info","message":"Business Rule Triggered","timestamp":"2024-09-26 11:11:00"}
{"businessRule":"5","jurisdiction":"NM","level":"info","message":"Business Rule Triggered","timestamp":"2024-09-26 11:11:27"}
{"businessRule":"7","jurisdiction":"NM","level":"info","message":"Business Rule Triggered","timestamp":"2024-09-26 11:11:28"}
{"businessRule":"8","jurisdiction":"NM","level":"info","message":"Business Rule Triggered","timestamp":"2024-09-26 11:11:28"}
{"businessRule":"9","jurisdiction":"NM","level":"info","message":"Business Rule Triggered","timestamp":"2024-09-26 11:11:28"}
{"businessRule":"5","jurisdiction":"NV","level":"info","message":"Business Rule Triggered","timestamp":"2024-09-26 11:11:55"}
{"businessRule":"7","jurisdiction":"NV","level":"info","message":"Business Rule Triggered","timestamp":"2024-09-26 11:11:57"}
{"businessRule":"8","jurisdiction":"NV","level":"info","message":"Business Rule Triggered","timestamp":"2024-09-26 11:11:57"}
{"businessRule":"9","jurisdiction":"NV","level":"info","message":"Business Rule Triggered","timestamp":"2024-09-26 11:11:57"}
{"businessRule":"5","jurisdiction":"NY","level":"info","message":"Business Rule Triggered","timestamp":"2024-09-26 11:12:17"}
{"businessRule":"7","jurisdiction":"NY","level":"info","message":"Business Rule Triggered","timestamp":"2024-09-26 11:12:18"}
{"businessRule":"8","jurisdiction":"NY","level":"info","message":"Business Rule Triggered","timestamp":"2024-09-26 11:12:18"}
{"businessRule":"9","jurisdiction":"NY","level":"info","message":"Business Rule Triggered","timestamp":"2024-09-26 11:12:18"}
{"businessRule":"5","jurisdiction":"OH","level":"info","message":"Business Rule Triggered","timestamp":"2024-09-26 11:12:36"}
{"businessRule":"7","jurisdiction":"OH","level":"info","message":"Business Rule Triggered","timestamp":"2024-09-26 11:12:37"}
{"businessRule":"8","jurisdiction":"OH","level":"info","message":"Business Rule Triggered","timestamp":"2024-09-26 11:12:37"}
{"businessRule":"9","jurisdiction":"OH","level":"info","message":"Business Rule Triggered","timestamp":"2024-09-26 11:12:37"}
{"businessRule":"5","jurisdiction":"OK","level":"info","message":"Business Rule Triggered","timestamp":"2024-09-26 11:12:56"}
{"businessRule":"7","jurisdiction":"OK","level":"info","message":"Business Rule Triggered","timestamp":"2024-09-26 11:12:57"}
{"businessRule":"8","jurisdiction":"OK","level":"info","message":"Business Rule Triggered","timestamp":"2024-09-26 11:12:57"}
{"businessRule":"9","jurisdiction":"OK","level":"info","message":"Business Rule Triggered","timestamp":"2024-09-26 11:12:57"}
{"businessRule":"5","jurisdiction":"OR","level":"info","message":"Business Rule Triggered","timestamp":"2024-09-26 11:13:19"}
{"businessRule":"7","jurisdiction":"OR","level":"info","message":"Business Rule Triggered","timestamp":"2024-09-26 11:13:20"}
{"businessRule":"8","jurisdiction":"OR","level":"info","message":"Business Rule Triggered","timestamp":"2024-09-26 11:13:20"}
{"businessRule":"9","jurisdiction":"OR","level":"info","message":"Business Rule Triggered","timestamp":"2024-09-26 11:13:20"}
{"businessRule":"5","jurisdiction":"PA","level":"info","message":"Business Rule Triggered","timestamp":"2024-09-26 11:13:41"}
{"businessRule":"7","jurisdiction":"PA","level":"info","message":"Business Rule Triggered","timestamp":"2024-09-26 11:13:42"}
{"businessRule":"8","jurisdiction":"PA","level":"info","message":"Business Rule Triggered","timestamp":"2024-09-26 11:13:42"}
{"businessRule":"9","jurisdiction":"PA","level":"info","message":"Business Rule Triggered","timestamp":"2024-09-26 11:13:42"}
{"businessRule":"5","jurisdiction":"RI","level":"info","message":"Business Rule Triggered","timestamp":"2024-09-26 11:14:01"}
{"businessRule":"7","jurisdiction":"RI","level":"info","message":"Business Rule Triggered","timestamp":"2024-09-26 11:14:02"}
{"businessRule":"8","jurisdiction":"RI","level":"info","message":"Business Rule Triggered","timestamp":"2024-09-26 11:14:02"}
{"businessRule":"9","jurisdiction":"RI","level":"info","message":"Business Rule Triggered","timestamp":"2024-09-26 11:14:02"}
{"businessRule":"5","jurisdiction":"SC","level":"info","message":"Business Rule Triggered","timestamp":"2024-09-26 11:14:21"}
{"businessRule":"7","jurisdiction":"SC","level":"info","message":"Business Rule Triggered","timestamp":"2024-09-26 11:14:22"}
{"businessRule":"8","jurisdiction":"SC","level":"info","message":"Business Rule Triggered","timestamp":"2024-09-26 11:14:22"}
{"businessRule":"9","jurisdiction":"SC","level":"info","message":"Business Rule Triggered","timestamp":"2024-09-26 11:14:22"}
{"businessRule":"5","jurisdiction":"TN","level":"info","message":"Business Rule Triggered","timestamp":"2024-09-26 11:14:42"}
{"businessRule":"7","jurisdiction":"TN","level":"info","message":"Business Rule Triggered","timestamp":"2024-09-26 11:14:43"}
{"businessRule":"8","jurisdiction":"TN","level":"info","message":"Business Rule Triggered","timestamp":"2024-09-26 11:14:43"}
{"businessRule":"9","jurisdiction":"TN","level":"info","message":"Business Rule Triggered","timestamp":"2024-09-26 11:14:43"}
{"businessRule":"5","jurisdiction":"TX","level":"info","message":"Business Rule Triggered","timestamp":"2024-09-26 11:15:10"}
{"businessRule":"7","jurisdiction":"TX","level":"info","message":"Business Rule Triggered","timestamp":"2024-09-26 11:15:11"}
{"businessRule":"8","jurisdiction":"TX","level":"info","message":"Business Rule Triggered","timestamp":"2024-09-26 11:15:11"}
{"businessRule":"9","jurisdiction":"TX","level":"info","message":"Business Rule Triggered","timestamp":"2024-09-26 11:15:11"}
{"businessRule":"5","jurisdiction":"UT","level":"info","message":"Business Rule Triggered","timestamp":"2024-09-26 11:15:31"}
{"businessRule":"7","jurisdiction":"UT","level":"info","message":"Business Rule Triggered","timestamp":"2024-09-26 11:15:32"}
{"businessRule":"8","jurisdiction":"UT","level":"info","message":"Business Rule Triggered","timestamp":"2024-09-26 11:15:32"}
{"businessRule":"9","jurisdiction":"UT","level":"info","message":"Business Rule Triggered","timestamp":"2024-09-26 11:15:32"}
{"businessRule":"3","jurisdiction":"VA","level":"info","message":"Business Rule Triggered","timestamp":"2024-09-26 11:15:51"}
{"businessRule":"7","jurisdiction":"VA","level":"info","message":"Business Rule Triggered","timestamp":"2024-09-26 11:15:52"}
{"businessRule":"8","jurisdiction":"VA","level":"info","message":"Business Rule Triggered","timestamp":"2024-09-26 11:15:52"}
{"businessRule":"9","jurisdiction":"VA","level":"info","message":"Business Rule Triggered","timestamp":"2024-09-26 11:15:52"}
{"businessRule":"5","jurisdiction":"VT","level":"info","message":"Business Rule Triggered","timestamp":"2024-09-26 11:16:19"}
{"businessRule":"7","jurisdiction":"VT","level":"info","message":"Business Rule Triggered","timestamp":"2024-09-26 11:16:20"}
{"businessRule":"8","jurisdiction":"VT","level":"info","message":"Business Rule Triggered","timestamp":"2024-09-26 11:16:20"}
{"businessRule":"9","jurisdiction":"VT","level":"info","message":"Business Rule Triggered","timestamp":"2024-09-26 11:16:20"}
{"businessRule":"4","jurisdiction":"WA","level":"info","message":"Business Rule Triggered","timestamp":"2024-09-26 11:16:41"}
{"businessRule":"7","jurisdiction":"WA","level":"info","message":"Business Rule Triggered","timestamp":"2024-09-26 11:16:42"}
{"businessRule":"8","jurisdiction":"WA","level":"info","message":"Business Rule Triggered","timestamp":"2024-09-26 11:16:42"}
{"businessRule":"9","jurisdiction":"WA","level":"info","message":"Business Rule Triggered","timestamp":"2024-09-26 11:16:42"}
{"businessRule":"5","jurisdiction":"WI","level":"info","message":"Business Rule Triggered","timestamp":"2024-09-26 11:17:00"}
{"businessRule":"7","jurisdiction":"WI","level":"info","message":"Business Rule Triggered","timestamp":"2024-09-26 11:17:01"}
{"businessRule":"8","jurisdiction":"WI","level":"info","message":"Business Rule Triggered","timestamp":"2024-09-26 11:17:01"}
{"businessRule":"9","jurisdiction":"WI","level":"info","message":"Business Rule Triggered","timestamp":"2024-09-26 11:17:01"}
{"businessRule":"5","jurisdiction":"WV","level":"info","message":"Business Rule Triggered","timestamp":"2024-09-26 11:17:20"}
{"businessRule":"7","jurisdiction":"WV","level":"info","message":"Business Rule Triggered","timestamp":"2024-09-26 11:17:21"}
{"businessRule":"8","jurisdiction":"WV","level":"info","message":"Business Rule Triggered","timestamp":"2024-09-26 11:17:21"}
{"businessRule":"9","jurisdiction":"WV","level":"info","message":"Business Rule Triggered","timestamp":"2024-09-26 11:17:21"}
